0 info it worked if it ends with ok
1 verbose cli [ 'C:\\Program Files\\nodejs\\node.exe',
1 verbose cli   'C:\\Program Files\\nodejs\\node_modules\\npm\\bin\\npm-cli.js',
1 verbose cli   'install',
1 verbose cli   'readlinesync' ]
2 info using npm@3.10.3
3 info using node@v6.6.0
4 silly loadCurrentTree Starting
5 silly install loadCurrentTree
6 silly install readLocalPackageData
7 silly fetchPackageMetaData readlinesync
8 silly fetchNamedPackageData readlinesync
9 silly mapToRegistry name readlinesync
10 silly mapToRegistry using default registry
11 silly mapToRegistry registry https://registry.npmjs.org/
12 silly mapToRegistry data Result {
12 silly mapToRegistry   raw: 'readlinesync',
12 silly mapToRegistry   scope: null,
12 silly mapToRegistry   escapedName: 'readlinesync',
12 silly mapToRegistry   name: 'readlinesync',
12 silly mapToRegistry   rawSpec: '',
12 silly mapToRegistry   spec: 'latest',
12 silly mapToRegistry   type: 'tag' }
13 silly mapToRegistry uri https://registry.npmjs.org/readlinesync
14 verbose request uri https://registry.npmjs.org/readlinesync
15 verbose request no auth needed
16 info attempt registry request try #1 at 4:47:39 PM
17 verbose request id 5bd5b2b466971218
18 verbose etag W/"530a8a92-26d"
19 verbose lastModified Sun, 23 Feb 2014 23:56:02 GMT
20 http request GET https://registry.npmjs.org/readlinesync
21 http 304 https://registry.npmjs.org/readlinesync
22 verbose headers { date: 'Mon, 21 Nov 2016 21:47:40 GMT',
22 verbose headers   via: '1.1 varnish',
22 verbose headers   'cache-control': 'max-age=300',
22 verbose headers   etag: 'W/"530a8a92-26d"',
22 verbose headers   age: '0',
22 verbose headers   connection: 'keep-alive',
22 verbose headers   'x-served-by': 'cache-ord1721-ORD',
22 verbose headers   'x-cache': 'MISS',
22 verbose headers   'x-cache-hits': '0',
22 verbose headers   'x-timer': 'S1479764860.088662,VS0,VE19',
22 verbose headers   vary: 'Accept-Encoding' }
23 silly get cb [ 304,
23 silly get   { date: 'Mon, 21 Nov 2016 21:47:40 GMT',
23 silly get     via: '1.1 varnish',
23 silly get     'cache-control': 'max-age=300',
23 silly get     etag: 'W/"530a8a92-26d"',
23 silly get     age: '0',
23 silly get     connection: 'keep-alive',
23 silly get     'x-served-by': 'cache-ord1721-ORD',
23 silly get     'x-cache': 'MISS',
23 silly get     'x-cache-hits': '0',
23 silly get     'x-timer': 'S1479764860.088662,VS0,VE19',
23 silly get     vary: 'Accept-Encoding' } ]
24 verbose etag https://registry.npmjs.org/readlinesync from cache
25 verbose get saving readlinesync to C:\Users\Kenzie\AppData\Roaming\npm-cache\registry.npmjs.org\readlinesync\.cache.json
26 verbose correctMkdir C:\Users\Kenzie\AppData\Roaming\npm-cache correctMkdir not in flight; initializing
27 verbose stack TypeError: Cannot convert undefined or null to object
27 verbose stack     at pickVersionFromRegistryDocument (C:\Program Files\nodejs\node_modules\npm\lib\fetch-package-metadata.js:125:29)
27 verbose stack     at C:\Program Files\nodejs\node_modules\npm\node_modules\iferr\index.js:13:50
27 verbose stack     at C:\Program Files\nodejs\node_modules\npm\lib\utils\pulse-till-done.js:20:8
27 verbose stack     at saved (C:\Program Files\nodejs\node_modules\npm\lib\cache\caching-client.js:174:7)
27 verbose stack     at C:\Program Files\nodejs\node_modules\npm\node_modules\graceful-fs\polyfills.js:210:7
27 verbose stack     at FSReqWrap.oncomplete (fs.js:123:15)
28 verbose cwd G:\College\Programming\Projlogic\Project5
29 error Windows_NT 10.0.14393
30 error argv "C:\\Program Files\\nodejs\\node.exe" "C:\\Program Files\\nodejs\\node_modules\\npm\\bin\\npm-cli.js" "install" "readlinesync"
31 error node v6.6.0
32 error npm  v3.10.3
33 error Cannot convert undefined or null to object
34 error If you need help, you may report this error at:
34 error     <https://github.com/npm/npm/issues>
35 verbose exit [ 1, true ]
